This is pdfTeX, Version 3.1415926-2.3-1.40.12 (MiKTeX 2.9) (preloaded format=pdflatex 2020.6.2)  17 AUG 2020 17:02
entering extended mode
**SP-ISbasedDPD-hkg
("c:\Users\hkg20\Documents\Articles\IS based DPD\tex\SP-ISBasedDPD-hkg\SP-ISbasedDPD-hkg.tex"
LaTeX2e <2011/06/27>
Babel <v3.8m> and hyphenation patterns for loaded.
("C:\Program Files (x86)\CTEX\MiKTeX\tex\latex\elsarticle\elsarticle.cls"
Document Class: elsarticle 2009/09/17, 1.2.0: Elsevier Ltd
\@bls=\dimen102
("C:\Program Files (x86)\CTEX\MiKTeX\tex\latex\base\article.cls"
Document Class: article 2007/10/19 v1.4h Standard LaTeX document class
("C:\Program Files (x86)\CTEX\MiKTeX\tex\latex\base\size10.clo"
File: size10.clo 2007/10/19 v1.4h Standard LaTeX file (size option)
)
\c@part=\count79
\c@section=\count80
\c@subsection=\count81
\c@subsubsection=\count82
\c@paragraph=\count83
\c@subparagraph=\count84
\c@figure=\count85
\c@table=\count86
\abovecaptionskip=\skip41
\belowcaptionskip=\skip42
\bibindent=\dimen103
) ("C:\Program Files (x86)\CTEX\MiKTeX\tex\latex\graphics\graphicx.sty"
Package: graphicx 1999/02/16 v1.0f Enhanced LaTeX Graphics (DPC,SPQR)
 ("C:\Program Files (x86)\CTEX\MiKTeX\tex\latex\graphics\keyval.sty"
Package: keyval 1999/03/16 v1.13 key=value parser (DPC)
\KV@toks@=\toks14
) ("C:\Program Files (x86)\CTEX\MiKTeX\tex\latex\graphics\graphics.sty"
Package: graphics 2009/02/05 v1.0o Standard LaTeX Graphics (DPC,SPQR)
 ("C:\Program Files (x86)\CTEX\MiKTeX\tex\latex\graphics\trig.sty"
Package: trig 1999/03/16 v1.09 sin cos tan (DPC)
) ("C:\Program Files (x86)\CTEX\MiKTeX\tex\latex\00miktex\graphics.cfg"
File: graphics.cfg 2007/01/18 v1.5 graphics configuration of teTeX/TeXLive
)
Package graphics Info: Driver file: pdftex.def on input line 91.
 ("C:\Program Files (x86)\CTEX\MiKTeX\tex\latex\pdftex-def\pdftex.def"
File: pdftex.def 2011/05/27 v0.06d Graphics/color for pdfTeX
 ("C:\Program Files (x86)\CTEX\MiKTeX\tex\generic\oberdiek\infwarerr.sty"
Package: infwarerr 2010/04/08 v1.3 Providing info/warning/message (HO)
) ("C:\Program Files (x86)\CTEX\MiKTeX\tex\generic\oberdiek\ltxcmds.sty"
Package: ltxcmds 2011/04/18 v1.20 LaTeX kernel commands for general use (HO)
)
\Gread@gobject=\count87
))
\Gin@req@height=\dimen104
\Gin@req@width=\dimen105
) ("C:\Program Files (x86)\CTEX\MiKTeX\tex\latex\psnfss\pifont.sty"
Package: pifont 2005/04/12 PSNFSS-v9.2a Pi font support (SPQR) 
LaTeX Font Info:    Try loading font information for U+pzd on input line 63.
 ("C:\Program Files (x86)\CTEX\MiKTeX\tex\latex\psnfss\upzd.fd"
File: upzd.fd 2001/06/04 font definitions for U/pzd.
)
LaTeX Font Info:    Try loading font information for U+psy on input line 64.
 ("C:\Program Files (x86)\CTEX\MiKTeX\tex\latex\psnfss\upsy.fd"
File: upsy.fd 2001/06/04 font definitions for U/psy.
))
\c@tnote=\count88
\c@fnote=\count89
\c@cnote=\count90
\c@ead=\count91
\c@author=\count92
\@eadauthor=\toks15
\c@affn=\count93
\absbox=\box26
\keybox=\box27
\Columnwidth=\dimen106
\space@left=\dimen107
\els@boxa=\box28
\els@boxb=\box29
\leftMargin=\dimen108
\@enLab=\toks16
\@sep=\skip43
\@@sep=\skip44
 ("c:\Users\hkg20\Documents\Articles\IS based DPD\tex\SP-ISBasedDPD-hkg\SP-ISbasedDPD-hkg.spl") ("C:\Program Files (x86)\CTEX\MiKTeX\tex\latex\natbib\natbib.sty"
Package: natbib 2010/09/13 8.31b (PWD, AO)
\bibhang=\skip45
\bibsep=\skip46
LaTeX Info: Redefining \cite on input line 694.
\c@NAT@ctr=\count94
)
\splwrite=\write3
) ("C:\Program Files (x86)\CTEX\MiKTeX\tex\latex\lineno\lineno.sty"
Package: lineno 2005/11/02 line numbers on paragraphs v4.41
\linenopenalty=\count95
\output=\toks17
\linenoprevgraf=\count96
\linenumbersep=\dimen109
\linenumberwidth=\dimen110
\c@linenumber=\count97
\c@pagewiselinenumber=\count98
\c@LN@truepage=\count99
\c@internallinenumber=\count100
\c@internallinenumbers=\count101
\quotelinenumbersep=\dimen111
\bframerule=\dimen112
\bframesep=\dimen113
\bframebox=\box30
LaTeX Info: Redefining \\ on input line 3056.
) ("C:\Program Files (x86)\CTEX\MiKTeX\tex\latex\hyperref\hyperref.sty"
Package: hyperref 2012/02/06 v6.82o Hypertext links for LaTeX
 ("C:\Program Files (x86)\CTEX\MiKTeX\tex\generic\oberdiek\hobsub-hyperref.sty"
Package: hobsub-hyperref 2011/04/23 v1.4 Bundle oberdiek, subset hyperref (HO)
 ("C:\Program Files (x86)\CTEX\MiKTeX\tex\generic\oberdiek\hobsub-generic.sty"
Package: hobsub-generic 2011/04/23 v1.4 Bundle oberdiek, subset generic (HO)
Package: hobsub 2011/04/23 v1.4 Subsetting bundle oberdiek (HO)
Package hobsub Info: Skipping package `infwarerr' (already loaded).
Package hobsub Info: Skipping package `ltxcmds' (already loaded).
Package: ifluatex 2010/03/01 v1.3 Provides the ifluatex switch (HO)
Package ifluatex Info: LuaTeX not detected.
Package: ifvtex 2010/03/01 v1.5 Switches for detecting VTeX and its modes (HO)
Package ifvtex Info: VTeX not detected.
Package: intcalc 2007/09/27 v1.1 Expandable integer calculations (HO)
Package: ifpdf 2011/01/30 v2.3 Provides the ifpdf switch (HO)
Package ifpdf Info: pdfTeX in PDF mode is detected.
Package: etexcmds 2011/02/16 v1.5 Prefix for e-TeX command names (HO)
Package etexcmds Info: Could not find \expanded.
(etexcmds)             That can mean that you are not using pdfTeX 1.50 or
(etexcmds)             that some package has redefined \expanded.
(etexcmds)             In the latter case, load this package earlier.
Package: kvsetkeys 2011/04/07 v1.13 Key value parser (HO)
Package: kvdefinekeys 2011/04/07 v1.3 Defining keys (HO)
Package: pdftexcmds 2011/04/22 v0.16 Utilities of pdfTeX for LuaTeX (HO)
Package pdftexcmds Info: LuaTeX not detected.
Package pdftexcmds Info: \pdf@primitive is available.
Package pdftexcmds Info: \pdf@ifprimitive is available.
Package pdftexcmds Info: \pdfdraftmode found.
Package: pdfescape 2011/04/04 v1.12 Provides string conversions (HO)
Package: bigintcalc 2011/01/30 v1.2 Expandable big integer calculations (HO)
Package: bitset 2011/01/30 v1.1 Data type bit set (HO)
Package: uniquecounter 2011/01/30 v1.2 Provides unlimited unique counter (HO)
)
Package hobsub Info: Skipping package `hobsub' (already loaded).
Package: letltxmacro 2010/09/02 v1.4 Let assignment for LaTeX macros (HO)
Package: hopatch 2011/01/30 v1.0 Wrapper for package hooks (HO)
Package: xcolor-patch 2011/01/30 xcolor patch
Package: atveryend 2011/04/23 v1.7 Hooks at very end of document (HO)
Package: atbegshi 2011/01/30 v1.15 At begin shipout hook (HO)
Package: refcount 2010/12/01 v3.2 Data extraction from references (HO)
Package: hycolor 2011/01/30 v1.7 Color options of hyperref/bookmark (HO)
) ("C:\Program Files (x86)\CTEX\MiKTeX\tex\generic\ifxetex\ifxetex.sty"
Package: ifxetex 2010/09/12 v0.6 Provides ifxetex conditional
) ("C:\Program Files (x86)\CTEX\MiKTeX\tex\latex\oberdiek\kvoptions.sty"
Package: kvoptions 2010/12/23 v3.10 Keyval support for LaTeX options (HO)
)
\@linkdim=\dimen114
\Hy@linkcounter=\count102
\Hy@pagecounter=\count103
 ("C:\Program Files (x86)\CTEX\MiKTeX\tex\latex\hyperref\pd1enc.def"
File: pd1enc.def 2012/02/06 v6.82o Hyperref: PDFDocEncoding definition (HO)
)
\Hy@SavedSpaceFactor=\count104
 ("C:\Program Files (x86)\CTEX\MiKTeX\tex\latex\00miktex\hyperref.cfg"
File: hyperref.cfg 2002/06/06 v1.2 hyperref configuration of TeXLive
)
Package hyperref Info: Hyper figures OFF on input line 4046.
Package hyperref Info: Link nesting OFF on input line 4051.
Package hyperref Info: Hyper index ON on input line 4054.
Package hyperref Info: Plain pages OFF on input line 4061.
Package hyperref Info: Backreferencing OFF on input line 4066.
Package hyperref Info: Implicit mode ON; LaTeX internals redefined.
Package hyperref Info: Bookmarks ON on input line 4284.
\c@Hy@tempcnt=\count105
 ("C:\Program Files (x86)\CTEX\MiKTeX\tex\latex\ltxmisc\url.sty"
\Urlmuskip=\muskip10
Package: url 2006/04/12  ver 3.3  Verb mode for urls, etc.
)
LaTeX Info: Redefining \url on input line 4637.
\Fld@menulength=\count106
\Field@Width=\dimen115
\Fld@charsize=\dimen116
Package hyperref Info: Hyper figures OFF on input line 5757.
Package hyperref Info: Link nesting OFF on input line 5762.
Package hyperref Info: Hyper index ON on input line 5765.
Package hyperref Info: backreferencing OFF on input line 5772.
Package hyperref Info: Link coloring OFF on input line 5777.
Package hyperref Info: Link coloring with OCG OFF on input line 5782.
Package hyperref Info: PDF/A mode OFF on input line 5787.
LaTeX Info: Redefining \ref on input line 5827.
LaTeX Info: Redefining \pageref on input line 5831.
\Hy@abspage=\count107
\c@Item=\count108
\c@Hfootnote=\count109
)

Package hyperref Message: Driver (autodetected): hpdftex.

("C:\Program Files (x86)\CTEX\MiKTeX\tex\latex\hyperref\hpdftex.def"
File: hpdftex.def 2012/02/06 v6.82o Hyperref driver for pdfTeX
\Fld@listcount=\count110
\c@bookmark@seq@number=\count111
 ("C:\Program Files (x86)\CTEX\MiKTeX\tex\latex\oberdiek\rerunfilecheck.sty"
Package: rerunfilecheck 2011/04/15 v1.7 Rerun checks for auxiliary files (HO)
Package uniquecounter Info: New unique counter `rerunfilecheck' on input line 282.
)
\Hy@SectionHShift=\skip47
) ("C:\Program Files (x86)\CTEX\MiKTeX\tex\latex\amsfonts\amsfonts.sty"
Package: amsfonts 2009/06/22 v3.00 Basic AMSFonts support
\@emptytoks=\toks18
\symAMSa=\mathgroup4
\symAMSb=\mathgroup5
LaTeX Font Info:    Overwriting math alphabet `\mathfrak' in version `bold'
(Font)                  U/euf/m/n --> U/euf/b/n on input line 96.
) ("C:\Program Files (x86)\CTEX\MiKTeX\tex\latex\tools\bm.sty"
Package: bm 2004/02/26 v1.1c Bold Symbol Support (DPC/FMi)
\symboldoperators=\mathgroup6
\symboldletters=\mathgroup7
\symboldsymbols=\mathgroup8
LaTeX Font Info:    Redeclaring math alphabet \mathbf on input line 138.
LaTeX Info: Redefining \bm on input line 204.
) ("C:\Program Files (x86)\CTEX\MiKTeX\tex\latex\amsfonts\amssymb.sty"
Package: amssymb 2009/06/22 v3.00
) ("C:\Program Files (x86)\CTEX\MiKTeX\tex\latex\graphics\color.sty"
Package: color 2005/11/14 v1.0j Standard LaTeX Color (DPC)
 ("C:\Program Files (x86)\CTEX\MiKTeX\tex\latex\00miktex\color.cfg"
File: color.cfg 2007/01/18 v1.5 color configuration of teTeX/TeXLive
)
Package color Info: Driver file: pdftex.def on input line 130.
) ("C:\Program Files (x86)\CTEX\MiKTeX\tex\latex\preprint\balance.sty"
Package: balance 1999/02/23 4.3 (PWD)
\oldvsize=\dimen117
) ("C:\Program Files (x86)\CTEX\MiKTeX\tex\latex\ams\math\amsmath.sty"
Package: amsmath 2000/07/18 v2.13 AMS math features
\@mathmargin=\skip48

For additional information on amsmath, use the `?' option.
("C:\Program Files (x86)\CTEX\MiKTeX\tex\latex\ams\math\amstext.sty"
Package: amstext 2000/06/29 v2.01
 ("C:\Program Files (x86)\CTEX\MiKTeX\tex\latex\ams\math\amsgen.sty"
File: amsgen.sty 1999/11/30 v2.0
\@emptytoks=\toks19
\ex@=\dimen118
)) ("C:\Program Files (x86)\CTEX\MiKTeX\tex\latex\ams\math\amsbsy.sty"
Package: amsbsy 1999/11/29 v1.2d
LaTeX Info: Redefining \boldsymbol on input line 54.
\pmbraise@=\dimen119
) ("C:\Program Files (x86)\CTEX\MiKTeX\tex\latex\ams\math\amsopn.sty"
Package: amsopn 1999/12/14 v2.01 operator names
)
\inf@bad=\count112
LaTeX Info: Redefining \frac on input line 211.
\uproot@=\count113
\leftroot@=\count114
LaTeX Info: Redefining \overline on input line 307.
\classnum@=\count115
\DOTSCASE@=\count116
LaTeX Info: Redefining \ldots on input line 379.
LaTeX Info: Redefining \dots on input line 382.
LaTeX Info: Redefining \cdots on input line 467.
\Mathstrutbox@=\box31
\strutbox@=\box32
\big@size=\dimen120
LaTeX Font Info:    Redeclaring font encoding OML on input line 567.
LaTeX Font Info:    Redeclaring font encoding OMS on input line 568.
\macc@depth=\count117
\c@MaxMatrixCols=\count118
\dotsspace@=\muskip11
\c@parentequation=\count119
\dspbrk@lvl=\count120
\tag@help=\toks20
\row@=\count121
\column@=\count122
\maxfields@=\count123
\andhelp@=\toks21
\eqnshift@=\dimen121
\alignsep@=\dimen122
\tagshift@=\dimen123
\tagwidth@=\dimen124
\totwidth@=\dimen125
\lineht@=\dimen126
\@envbody=\toks22
\multlinegap=\skip49
\multlinetaggap=\skip50
\mathdisplay@stack=\toks23
LaTeX Info: Redefining \[ on input line 2666.
LaTeX Info: Redefining \] on input line 2667.
) ("C:\Program Files (x86)\CTEX\MiKTeX\tex\latex\ams\classes\amsthm.sty"
Package: amsthm 2004/08/06 v2.20
\thm@style=\toks24
\thm@bodyfont=\toks25
\thm@headfont=\toks26
\thm@notefont=\toks27
\thm@headpunct=\toks28
\thm@preskip=\skip51
\thm@postskip=\skip52
\thm@headsep=\skip53
\dth@everypar=\toks29
LaTeX Info: Redefining \qed on input line 283.
) ("c:\Users\hkg20\Documents\Articles\IS based DPD\tex\SP-ISBasedDPD-hkg\SP-ISbasedDPD-hkg.aux")
LaTeX Font Info:    Checking defaults for OML/cmm/m/it on input line 48.
LaTeX Font Info:    ... okay on input line 48.
LaTeX Font Info:    Checking defaults for T1/cmr/m/n on input line 48.
LaTeX Font Info:    ... okay on input line 48.
LaTeX Font Info:    Checking defaults for OT1/cmr/m/n on input line 48.
LaTeX Font Info:    ... okay on input line 48.
LaTeX Font Info:    Checking defaults for OMS/cmsy/m/n on input line 48.
LaTeX Font Info:    ... okay on input line 48.
LaTeX Font Info:    Checking defaults for OMX/cmex/m/n on input line 48.
LaTeX Font Info:    ... okay on input line 48.
LaTeX Font Info:    Checking defaults for U/cmr/m/n on input line 48.
LaTeX Font Info:    ... okay on input line 48.
LaTeX Font Info:    Checking defaults for PD1/pdf/m/n on input line 48.
LaTeX Font Info:    ... okay on input line 48.
 ("C:\Program Files (x86)\CTEX\MiKTeX\tex\context\base\supp-pdf.mkii"
[Loading MPS to PDF converter (version 2006.09.02).]
\scratchcounter=\count124
\scratchdimen=\dimen127
\scratchbox=\box33
\nofMPsegments=\count125
\nofMParguments=\count126
\everyMPshowfont=\toks30
\MPscratchCnt=\count127
\MPscratchDim=\dimen128
\MPnumerator=\count128
\makeMPintoPDFobject=\count129
\everyMPtoPDFconversion=\toks31
)
\AtBeginShipoutBox=\box34
Package hyperref Info: Link coloring OFF on input line 48.
 ("C:\Program Files (x86)\CTEX\MiKTeX\tex\latex\hyperref\nameref.sty"
Package: nameref 2010/04/30 v2.40 Cross-referencing by name of section
 ("C:\Program Files (x86)\CTEX\MiKTeX\tex\generic\oberdiek\gettitlestring.sty"
Package: gettitlestring 2010/12/03 v1.4 Cleanup title references (HO)
)
\c@section@level=\count130
)
LaTeX Info: Redefining \ref on input line 48.
LaTeX Info: Redefining \pageref on input line 48.
LaTeX Info: Redefining \nameref on input line 48.
 ("c:\Users\hkg20\Documents\Articles\IS based DPD\tex\SP-ISBasedDPD-hkg\SP-ISbasedDPD-hkg.out") ("c:\Users\hkg20\Documents\Articles\IS based DPD\tex\SP-ISBasedDPD-hkg\SP-ISbasedDPD-hkg.out")
\@outlinefile=\write4
LaTeX Font Info:    Try loading font information for U+msa on input line 79.
 ("C:\Program Files (x86)\CTEX\MiKTeX\tex\latex\amsfonts\umsa.fd"
File: umsa.fd 2009/06/22 v3.00 AMS symbols A
)
LaTeX Font Info:    Try loading font information for U+msb on input line 79.
 ("C:\Program Files (x86)\CTEX\MiKTeX\tex\latex\amsfonts\umsb.fd"
File: umsb.fd 2009/06/22 v3.00 AMS symbols B
) [1


{C:/Program Files (x86)/CTEX/UserData/pdftex/config/pdftex.map{Unicode.sfd}{UGBK.sfd}}] [2] [3] [4] [5] [6]
\c@Theorem=\count131
 [7] [8] [9] [10] [11] [12]
\c@Lemma=\count132

Overfull \hbox (22.4648pt too wide) in paragraph at lines 315--317
\OT1/cmr/m/n/10 In con-clu-sion, the ap-proach of gen-er-at-ing the $\OML/cmm/m/it/10 q$\OT1/cmr/m/n/10 th group of re-al-iza-tion-s $\OMS/cmsy/m/n/10 f\OT1/cmr/m/n/10 ([][]\OML/cmm/m/it/10 ; []\OT1/cmr/m/n/10 )\OMS/cmsy/m/n/10 g[]$
 []

[13] [14] [15] [16] <pdfFigures/toolarge_rho1=500.pdf, id=306, 576.65456pt x 316.93407pt>
File: pdfFigures/toolarge_rho1=500.pdf Graphic file (type pdf)
 <use pdfFigures/toolarge_rho1=500.pdf>
Package pdftex.def Info: pdfFigures/toolarge_rho1=500.pdf used on input line 396.
(pdftex.def)             Requested size: 345.0pt x 189.62027pt.
 <pdfFigures/appropriate_rho1=20.pdf, id=307, 574.39612pt x 316.18124pt>
File: pdfFigures/appropriate_rho1=20.pdf Graphic file (type pdf)
 <use pdfFigures/appropriate_rho1=20.pdf>
Package pdftex.def Info: pdfFigures/appropriate_rho1=20.pdf used on input line 402.
(pdftex.def)             Requested size: 345.0pt x 189.91283pt.
 [17 <c:/Users/hkg20/Documents/Articles/IS based DPD/tex/SP-ISBasedDPD-hkg/pdfFigures/toolarge_rho1=500.pdf>] [18 <c:/Users/hkg20/Documents/Articles/IS based DPD/tex/SP-ISBasedDPD-hkg/pdfFigures/appropriate_rho1=20.pdf>] [19] [20] [21] <pdfFigures/Senario.pdf, id=380, 421.57521pt x 316.50546pt>
File: pdfFigures/Senario.pdf Graphic file (type pdf)
 <use pdfFigures/Senario.pdf>
Package pdftex.def Info: pdfFigures/Senario.pdf used on input line 435.
(pdftex.def)             Requested size: 345.0pt x 259.0194pt.
 <pdfFigures/QvsRMSE(opt-IS(R100-500-2000)-SML-MVDR(1))SNR5dB.pdf, id=381, 421.57521pt x 316.50546pt>
File: pdfFigures/QvsRMSE(opt-IS(R100-500-2000)-SML-MVDR(1))SNR5dB.pdf Graphic file (type pdf)
 <use pdfFigures/QvsRMSE(opt-IS(R100-500-2000)-SML-MVDR(1))SNR5dB.pdf>
Package pdftex.def Info: pdfFigures/QvsRMSE(opt-IS(R100-500-2000)-SML-MVDR(1))SNR5dB.pdf used on input line 441.
(pdftex.def)             Requested size: 345.0pt x 259.0194pt.
 <pdfFigures/SNRvsRMSE(opt-IS(2000)-SML-MVDR(1))L10.pdf, id=382, 421.57521pt x 316.50546pt>
File: pdfFigures/SNRvsRMSE(opt-IS(2000)-SML-MVDR(1))L10.pdf Graphic file (type pdf)
 <use pdfFigures/SNRvsRMSE(opt-IS(2000)-SML-MVDR(1))L10.pdf>
Package pdftex.def Info: pdfFigures/SNRvsRMSE(opt-IS(2000)-SML-MVDR(1))L10.pdf used on input line 447.
(pdftex.def)             Requested size: 345.0pt x 259.0194pt.
 <pdfFigures/BWvsRMSE(snr5dBL10).pdf, id=383, 421.57521pt x 316.50546pt>
File: pdfFigures/BWvsRMSE(snr5dBL10).pdf Graphic file (type pdf)
 <use pdfFigures/BWvsRMSE(snr5dBL10).pdf>
Package pdftex.def Info: pdfFigures/BWvsRMSE(snr5dBL10).pdf used on input line 453.
(pdftex.def)             Requested size: 345.0pt x 259.0194pt.
 ("c:\Users\hkg20\Documents\Articles\IS based DPD\tex\SP-ISBasedDPD-hkg\SP-ISbasedDPD-hkg.bbl" [22 <c:/Users/hkg20/Documents/Articles/IS based DPD/tex/SP-ISBasedDPD-hkg/pdfFigures/Senario.pdf>] [23 <c:/Users/hkg20/Documents/Articles/IS based DPD/tex/SP-ISBasedDPD-hkg/pdfFigures/QvsRMSE(opt-IS(R100-500-2000)-SML-MVDR(1))SNR5dB.pdf>] [24 <c:/Users/hkg20/Documents/Articles/IS based DPD/tex/SP-ISBasedDPD-hkg/pdfFigures/SNRvsRMSE(opt-IS(2000)-SML-MVDR(1))L10.pdf>])
Package atveryend Info: Empty hook `BeforeClearDocument' on input line 461.
 [25 <c:/Users/hkg20/Documents/Articles/IS based DPD/tex/SP-ISBasedDPD-hkg/pdfFigures/BWvsRMSE(snr5dBL10).pdf>]
Package atveryend Info: Empty hook `AfterLastShipout' on input line 461.
 ("c:\Users\hkg20\Documents\Articles\IS based DPD\tex\SP-ISBasedDPD-hkg\SP-ISbasedDPD-hkg.aux")
Package atveryend Info: Executing hook `AtVeryEndDocument' on input line 461.
Package atveryend Info: Executing hook `AtEndAfterFileList' on input line 461.
Package rerunfilecheck Info: File `SP-ISbasedDPD-hkg.out' has not changed.
(rerunfilecheck)             Checksum: 896563EC7F0D4DBE4652A741110DED18;578.
 ) 
Here is how much of TeX's memory you used:
 6920 strings out of 495354
 97945 string characters out of 3182740
 193622 words of memory out of 3000000
 9852 multiletter control sequences out of 15000+200000
 18243 words of font info for 67 fonts, out of 3000000 for 9000
 14 hyphenation exceptions out of 8191
 34i,20n,30p,1828b,470s stack positions out of 5000i,500n,10000p,200000b,50000s
<C:/Program Files (x86)/CTEX/MiKTeX/fonts/type1/public/amsfonts/cm/cmbx10.pfb><C:/Program Files (x86)/CTEX/MiKTeX/fonts/type1/public/amsfonts/cm/cmbx7.pfb><C:/Program Files (x86)/CTEX/MiKTeX/fonts/type1/public/amsfonts/cm/cmex10.pfb><C:/Program Files (x86)/CTEX/MiKTeX/fonts/type1/public/amsfonts/cm/cmmi10.pfb><C:/Program Files (x86)/CTEX/MiKTeX/fonts/type1/public/amsfonts/cm/cmmi5.pfb><C:/Program Files (x86)/CTEX/MiKTeX/fonts/type1/public/amsfonts/cm/cmmi6.pfb><C:/Program Files (x86)/CTEX/MiKTeX/fonts/type1/public/amsfonts/cm/cmmi7.pfb><C:/Program Files (x86)/CTEX/MiKTeX/fonts/type1/public/amsfonts/cm/cmmi8.pfb><C:/Program Files (x86)/CTEX/MiKTeX/fonts/type1/public/amsfonts/cm/cmmib10.pfb><C:/Program Files (x86)/CTEX/MiKTeX/fonts/type1/public/amsfonts/cmextra/cmmib7.pfb><C:/Program Files (x86)/CTEX/MiKTeX/fonts/type1/public/amsfonts/cmextra/cmmib8.pfb><C:/Program Files (x86)/CTEX/MiKTeX/fonts/type1/public/amsfonts/cm/cmr10.pfb><C:/Program Files (x86)/CTEX/MiKTeX/fonts/type1/public/amsfonts/cm/cmr12.pfb><C:/Program Files (x86)/CTEX/MiKTeX/fonts/type1/public/amsfonts/cm/cmr5.pfb><C:/Program Files (x86)/CTEX/MiKTeX/fonts/type1/public/amsfonts/cm/cmr6.pfb><C:/Program Files (x86)/CTEX/MiKTeX/fonts/type1/public/amsfonts/cm/cmr7.pfb><C:/Program Files (x86)/CTEX/MiKTeX/fonts/type1/public/amsfonts/cm/cmr8.pfb><C:/Program Files (x86)/CTEX/MiKTeX/fonts/type1/public/amsfonts/cm/cmss8.pfb><C:/Program Files (x86)/CTEX/MiKTeX/fonts/type1/public/amsfonts/cm/cmsy10.pfb><C:/Program Files (x86)/CTEX/MiKTeX/fonts/type1/public/amsfonts/cm/cmsy5.pfb><C:/Program Files (x86)/CTEX/MiKTeX/fonts/type1/public/amsfonts/cm/cmsy6.pfb><C:/Program Files (x86)/CTEX/MiKTeX/fonts/type1/public/amsfonts/cm/cmsy7.pfb><C:/Program Files (x86)/CTEX/MiKTeX/fonts/type1/public/amsfonts/cm/cmsy8.pfb><C:/Program Files (x86)/CTEX/MiKTeX/fonts/type1/public/amsfonts/cm/cmti10.pfb><C:/Program Files (x86)/CTEX/MiKTeX/fonts/type1/public/amsfonts/cm/cmti7.pfb><C:/Program Files (x86)/CTEX/MiKTeX/fonts/type1/public/amsfonts/cm/cmti8.pfb><C:/Program Files (x86)/CTEX/MiKTeX/fonts/type1/public/amsfonts/cm/cmtt10.pfb><C:/Program Files (x86)/CTEX/MiKTeX/fonts/type1/public/amsfonts/cm/cmtt8.pfb><C:/Program Files (x86)/CTEX/MiKTeX/fonts/type1/public/amsfonts/symbols/msam10.pfb><C:/Program Files (x86)/CTEX/MiKTeX/fonts/type1/public/amsfonts/symbols/msam7.pfb><C:/Program Files (x86)/CTEX/MiKTeX/fonts/type1/public/amsfonts/symbols/msbm10.pfb><C:/Program Files (x86)/CTEX/MiKTeX/fonts/type1/urw/zapfding/uzdr.pfb>
Output written on SP-ISbasedDPD-hkg.pdf (25 pages, 679058 bytes).
PDF statistics:
 618 PDF objects out of 1000 (max. 8388607)
 126 named destinations out of 1000 (max. 500000)
 103 words of extra memory for PDF output out of 10000 (max. 10000000)

